2020-01-03 15:02:35 [1] user
2020-01-03 15:02:35 [2] user alex
2020-01-03 15:02:35 [3] user alex login 
2020-01-03 15:02:35 [4] user alex login success
2020-01-03 15:07:37 [1] user
2020-01-03 15:07:37 [2] user alex
2020-01-03 15:07:37 [3] user alex login 
2020-01-03 15:07:37 [4] user alex login success
2020-01-03 15:08:29 [1] user
2020-01-03 15:08:29 [2] user alex
2020-01-03 15:08:29 [3] user alex login 
2020-01-03 15:08:29 [4] user alex login success
2020-01-03 15:09:58 [1] user
2020-01-03 15:09:58 [2] user feko
2020-01-03 15:09:58 [3] user feko login 
2020-01-03 15:09:58 [4] user feko login success
2020-01-03 15:10:07 [1] user
2020-01-03 15:10:07 [2] user feko
2020-01-03 15:10:07 [3] user feko login 
2020-01-03 15:10:07 [4] user feko login success
2020-01-03 15:10:25 [1] user
2020-01-03 15:10:25 [2] user feko
2020-01-03 15:10:25 [3] user feko login 
2020-01-03 15:10:25 [4] user feko login success
2020-01-03 15:10:25 [5] user
2020-01-03 15:10:25 [6] user feko
2020-01-03 15:10:25 [7] user feko login 
2020-01-03 15:10:25 [8] user feko login success
2020-01-03 15:10:25 [9] user
2020-01-03 15:10:25 [10] user feko
2020-01-03 15:10:25 [11] user feko login 
2020-01-03 15:10:25 [12] user feko login success
2020-01-03 15:10:25 [13] user
2020-01-03 15:10:25 [14] user feko
2020-01-03 15:10:25 [15] user feko login 
2020-01-03 15:10:25 [16] user feko login success
2020-01-03 15:10:36 [1] user
2020-01-03 15:10:36 [2] user feko
2020-01-03 15:10:36 [3] user feko login 
2020-01-03 15:10:36 [4] user feko login success
2020-01-03 15:10:36 [5] user
2020-01-03 15:10:36 [6] user feko
2020-01-03 15:10:36 [7] user feko login 
2020-01-03 15:10:36 [8] user feko login success
2020-01-03 15:10:36 [9] user
2020-01-03 15:10:36 [10] user feko
2020-01-03 15:10:36 [11] user feko login 
2020-01-03 15:10:36 [12] user feko login success
2020-01-03 15:10:36 [13] user
2020-01-03 15:10:36 [14] user feko
2020-01-03 15:10:36 [15] user feko login 
2020-01-03 15:10:36 [16] user feko login success
2020-01-03 15:10:36 [17] user
2020-01-03 15:10:36 [18] user feko
2020-01-03 15:10:36 [19] user feko login 
2020-01-03 15:10:36 [20] user feko login success
2020-01-03 15:10:36 [21] user
2020-01-03 15:10:36 [22] user feko
2020-01-03 15:10:36 [23] user feko login 
2020-01-03 15:10:36 [24] user feko login success
2020-01-03 15:10:36 [25] user
2020-01-03 15:10:36 [26] user feko
2020-01-03 15:10:36 [27] user feko login 
2020-01-03 15:10:36 [28] user feko login success
2020-01-03 15:10:36 [29] user
2020-01-03 15:10:36 [30] user feko
2020-01-03 15:10:36 [31] user feko login 
2020-01-03 15:10:36 [32] user feko login success
2020-01-03 15:10:36 [33] user
2020-01-03 15:10:36 [34] user feko
2020-01-03 15:10:36 [35] user feko login 
2020-01-03 15:10:36 [36] user feko login success
2020-01-03 15:10:36 [37] user
2020-01-03 15:10:36 [38] user feko
2020-01-03 15:10:36 [39] user feko login 
2020-01-03 15:10:36 [40] user feko login success
2020-01-03 15:10:36 [41] user
2020-01-03 15:10:36 [42] user feko
2020-01-03 15:10:36 [43] user feko login 
2020-01-03 15:10:36 [44] user feko login success
2020-01-03 15:11:04 [1] user
2020-01-03 15:11:04 [2] user feko
2020-01-03 15:11:04 [3] user feko login 
2020-01-03 15:11:04 [4] user feko login success
2020-01-03 15:11:04 [5] user
2020-01-03 15:11:04 [6] user feko
2020-01-03 15:11:04 [7] user feko login 
2020-01-03 15:11:04 [8] user feko login success
2020-01-03 15:11:04 [9] user
2020-01-03 15:11:04 [10] user feko
2020-01-03 15:11:04 [11] user feko login 
2020-01-03 15:11:04 [12] user feko login success
2020-01-03 15:11:04 [13] user
2020-01-03 15:11:04 [14] user feko
2020-01-03 15:11:04 [15] user feko login 
2020-01-03 15:11:04 [16] user feko login success
2020-01-03 15:11:04 [17] user
2020-01-03 15:11:04 [18] user feko
2020-01-03 15:11:04 [19] user feko login 
2020-01-03 15:11:04 [20] user feko login success
2020-01-03 15:11:04 [21] user
2020-01-03 15:11:04 [22] user feko
2020-01-03 15:11:04 [23] user feko login 
2020-01-03 15:11:04 [24] user feko login success
2020-01-03 15:11:04 [25] user
2020-01-03 15:11:04 [26] user feko
2020-01-03 15:11:04 [27] user feko login 
2020-01-03 15:11:04 [28] user feko login success
2020-01-03 15:11:04 [29] user
2020-01-03 15:11:04 [30] user feko
2020-01-03 15:11:04 [31] user feko login 
2020-01-03 15:11:04 [32] user feko login success
2020-01-03 15:11:04 [33] user
2020-01-03 15:11:04 [34] user feko
2020-01-03 15:11:04 [35] user feko login 
2020-01-03 15:11:04 [36] user feko login success
2020-01-03 15:11:04 [37] user
2020-01-03 15:11:04 [38] user feko
2020-01-03 15:11:04 [39] user feko login 
2020-01-03 15:11:04 [40] user feko login success
2020-01-03 15:11:04 [41] user
2020-01-03 15:11:04 [42] user feko
2020-01-03 15:11:04 [43] user feko login 
2020-01-03 15:11:04 [44] user feko login success
2020-01-03 15:11:15 [1] user
2020-01-03 15:11:15 [2] user feko
2020-01-03 15:11:15 [3] user feko login 
2020-01-03 15:11:15 [4] user feko login success
2020-01-03 15:11:15 [5] user
2020-01-03 15:11:15 [6] user feko
2020-01-03 15:11:15 [7] user feko login 
2020-01-03 15:11:15 [8] user feko login success
2020-01-03 15:11:15 [9] user
2020-01-03 15:11:15 [10] user feko
2020-01-03 15:11:15 [11] user feko login 
2020-01-03 15:11:15 [12] user feko login success
2020-01-03 15:11:15 [13] user
2020-01-03 15:11:15 [14] user feko
2020-01-03 15:11:15 [15] user feko login 
2020-01-03 15:11:15 [16] user feko login success
2020-01-03 15:11:15 [17] user
2020-01-03 15:11:15 [18] user feko
2020-01-03 15:11:15 [19] user feko login 
2020-01-03 15:11:15 [20] user feko login success
2020-01-03 15:11:15 [21] user
2020-01-03 15:11:15 [22] user feko
2020-01-03 15:11:15 [23] user feko login 
2020-01-03 15:11:15 [24] user feko login success
2020-01-03 15:11:15 [25] user
2020-01-03 15:11:15 [26] user feko
2020-01-03 15:11:15 [27] user feko login 
2020-01-03 15:11:15 [28] user feko login success
2020-01-03 15:11:15 [29] user
2020-01-03 15:11:15 [30] user feko
2020-01-03 15:11:15 [31] user feko login 
2020-01-03 15:11:15 [32] user feko login success
2020-01-03 15:11:15 [33] user
2020-01-03 15:11:15 [34] user feko
2020-01-03 15:11:15 [35] user feko login 
2020-01-03 15:11:15 [36] user feko login success
2020-01-03 15:11:15 [37] user
2020-01-03 15:11:15 [38] user feko
2020-01-03 15:11:15 [39] user feko login 
2020-01-03 15:11:15 [40] user feko login success
2020-01-03 15:11:15 [41] user
2020-01-03 15:11:15 [42] user feko
2020-01-03 15:11:15 [43] user feko login 
2020-01-03 15:11:15 [44] user feko login success
2020-01-03 15:13:17 [1] user
2020-01-03 15:13:27 [2] user feko
2020-01-03 15:13:27 [3] user feko login 
2020-01-03 15:13:27 [4] user feko login success
